<?xml version="1.0" encoding="UTF-8"?>
<!-- Generated by org.testng.reporters.JUnitReportReporter -->
<testsuite hostname="Prashant" failures="0" tests="3" name="test.PIMTest" time="0.000" errors="0" timestamp="2023-02-13T16:48:11 IST" skipped="3">
  <testcase classname="test.PIMTest" name="verifyPimPageTitle" time="0.000">
    <skipped/>
  </testcase> <!-- verifyPimPageTitle -->
  <system-out/>
  <testcase classname="test.PIMTest" name="verifyEmpSearchEmpId" time="0.000">
    <skipped/>
  </testcase> <!-- verifyEmpSearchEmpId -->
  <system-out/>
  <testcase classname="test.PIMTest" name="TestIngChanges" time="0.000">
    <skipped/>
  </testcase> <!-- TestIngChanges -->
  <system-out/>
</testsuite> <!-- test.PIMTest -->
